Determining if the pthread_create exist failed with the following output:
Change Dir: /home/te6000-16/CLionProjects/g2o_example/cmake-build-debug/CMakeFiles/CMakeTmp

Run Build Command:"/usr/bin/make" "cmTC_0c958/fast"
/usr/bin/make -f CMakeFiles/cmTC_0c958.dir/build.make CMakeFiles/cmTC_0c958.dir/build
make[1]: Entering directory `/home/te6000-16/CLionProjects/g2o_example/cmake-build-debug/CMakeFiles/CMakeTmp'
Building C object CMakeFiles/cmTC_0c958.dir/CheckSymbolExists.c.o
/usr/bin/cc   -fPIC    -o CMakeFiles/cmTC_0c958.dir/CheckSymbolExists.c.o   -c /home/te6000-16/CLionProjects/g2o_example/cmake-build-debug/CMakeFiles/CMakeTmp/CheckSymbolExists.c
Linking C executable cmTC_0c958
/home/te6000-16/JetBrains.CLion.2018.1.2.Linux.Incl.KeyMaker.14TH.BIRTHDAY-DVT/clion-2018.1.2/bin/cmake/bin/cmake -E cmake_link_script CMakeFiles/cmTC_0c958.dir/link.txt --verbose=1
/usr/bin/cc -fPIC     CMakeFiles/cmTC_0c958.dir/CheckSymbolExists.c.o  -o cmTC_0c958 
CMakeFiles/cmTC_0c958.dir/CheckSymbolExists.c.o: In function `main':
CheckSymbolExists.c:(.text+0x1b): undefined reference to `pthread_create'
collect2: error: ld returned 1 exit status
make[1]: *** [cmTC_0c958] Error 1
make[1]: Leaving directory `/home/te6000-16/CLionProjects/g2o_example/cmake-build-debug/CMakeFiles/CMakeTmp'
make: *** [cmTC_0c958/fast] Error 2

File /home/te6000-16/CLionProjects/g2o_example/cmake-build-debug/CMakeFiles/CMakeTmp/CheckSymbolExists.c:
/* */
#include <pthread.h>

int main(int argc, char** argv)
{
  (void)argv;
#ifndef pthread_create
  return ((int*)(&pthread_create))[argc];
#else
  (void)argc;
  return 0;
#endif
}

Determining if the function pthread_create exists in the pthreads failed with the following output:
Change Dir: /home/te6000-16/CLionProjects/g2o_example/cmake-build-debug/CMakeFiles/CMakeTmp

Run Build Command:"/usr/bin/make" "cmTC_efbed/fast"
/usr/bin/make -f CMakeFiles/cmTC_efbed.dir/build.make CMakeFiles/cmTC_efbed.dir/build
make[1]: Entering directory `/home/te6000-16/CLionProjects/g2o_example/cmake-build-debug/CMakeFiles/CMakeTmp'
Building C object CMakeFiles/cmTC_efbed.dir/CheckFunctionExists.c.o
/usr/bin/cc   -fPIC -DCHECK_FUNCTION_EXISTS=pthread_create   -o CMakeFiles/cmTC_efbed.dir/CheckFunctionExists.c.o   -c /home/te6000-16/JetBrains.CLion.2018.1.2.Linux.Incl.KeyMaker.14TH.BIRTHDAY-DVT/clion-2018.1.2/bin/cmake/share/cmake-3.10/Modules/CheckFunctionExists.c
Linking C executable cmTC_efbed
/home/te6000-16/JetBrains.CLion.2018.1.2.Linux.Incl.KeyMaker.14TH.BIRTHDAY-DVT/clion-2018.1.2/bin/cmake/bin/cmake -E cmake_link_script CMakeFiles/cmTC_efbed.dir/link.txt --verbose=1
/usr/bin/cc -fPIC -DCHECK_FUNCTION_EXISTS=pthread_create    CMakeFiles/cmTC_efbed.dir/CheckFunctionExists.c.o  -o cmTC_efbed -lpthreads 
/usr/bin/ld: cannot find -lpthreads
collect2: error: ld returned 1 exit status
make[1]: *** [cmTC_efbed] Error 1
make[1]: Leaving directory `/home/te6000-16/CLionProjects/g2o_example/cmake-build-debug/CMakeFiles/CMakeTmp'
make: *** [cmTC_efbed/fast] Error 2


